#
# There is insufficient memory for the Java Runtime Environment to continue.
# Native memory allocation (malloc) failed to allocate 857056 bytes for Chunk::new
# Possible reasons:
#   The system is out of physical RAM or swap space
#   In 32 bit mode, the process size limit was hit
# Possible solutions:
#   Reduce memory load on the system
#   Increase physical memory or swap space
#   Check if swap backing store is full
#   Use 64 bit Java on a 64 bit OS
#   Decrease Java heap size (-Xmx/-Xms)
#   Decrease number of Java threads
#   Decrease Java thread stack sizes (-Xss)
#   Set larger code cache with -XX:ReservedCodeCacheSize=
# This output file may be truncated or incomplete.
#
#  Out of Memory Error (allocation.cpp:390), pid=59596, tid=0x00000000000000d4
#
# JRE version: OpenJDK Runtime Environment (8.0_76-b03) (build 1.8.0_76-release-b03)
# Java VM: OpenJDK 64-Bit Server VM (25.76-b03 mixed mode windows-amd64 compressed oops)
# Failed to write core dump. Minidumps are not enabled by default on client versions of Windows
#

---------------  T H R E A D  ---------------

Current thread (0x0000000015a19000):  JavaThread "C2 CompilerThread0" daemon [_thread_in_native, id=212, stack(0x0000000016f10000,0x0000000017010000)]

Stack: [0x0000000016f10000,0x0000000017010000]
[error occurred during error reporting (printing stack bounds), id 0xc0000005]

Native frames: (J=compiled Java code, j=interpreted, Vv=VM code, C=native code)


Current CompileTask:
C2:   4955 1212   !   4       com.android.dx.cf.code.BytecodeArray::parseInstruction (2764 bytes)


---------------  P R O C E S S  ---------------

Java Threads: ( => current thread )
  0x000000001706d800 JavaThread "Service Thread" daemon [_thread_blocked, id=59680, stack(0x0000000017610000,0x0000000017710000)]
  0x0000000017066800 JavaThread "C1 CompilerThread2" daemon [_thread_blocked, id=57464, stack(0x0000000017510000,0x0000000017610000)]
  0x0000000017049000 JavaThread "C2 CompilerThread1" daemon [_thread_in_native, id=59728, stack(0x0000000017410000,0x0000000017510000)]
=>0x0000000015a19000 JavaThread "C2 CompilerThread0" daemon [_thread_in_native, id=212, stack(0x0000000016f10000,0x0000000017010000)]
  0x00000000159cb000 JavaThread "Attach Listener" daemon [_thread_blocked, id=59548, stack(0x0000000016e10000,0x0000000016f10000)]
  0x0000000015a18800 JavaThread "Signal Dispatcher" daemon [_thread_blocked, id=60044, stack(0x0000000016d10000,0x0000000016e10000)]
  0x00000000159a8800 JavaThread "Finalizer" daemon [_thread_blocked, id=45948, stack(0x0000000016c10000,0x0000000016d10000)]
  0x00000000032e1000 JavaThread "Reference Handler" daemon [_thread_blocked, id=58568, stack(0x0000000016b10000,0x0000000016c10000)]
  0x00000000031f0800 JavaThread "main" [_thread_in_Java, id=59404, stack(0x00000000030f0000,0x00000000031f0000)]

Other Threads:
  0x0000000015984800 VMThread [stack: 0x0000000016a10000,0x0000000016b10000] [id=60180]
  0x000000001706f800 WatcherThread [stack: 0x0000000017710000,0x0000000017810000] [id=54600]

VM state:not at safepoint (normal execution)

VM Mutex/Monitor currently owned by a thread: None

Heap:
 PSYoungGen      total 38400K, used 8773K [0x00000000eab00000, 0x00000000ed580000, 0x0000000100000000)
  eden space 33280K, 11% used [0x00000000eab00000,0x00000000eae93408,0x00000000ecb80000)
  from space 5120K, 99% used [0x00000000ecb80000,0x00000000ed07e058,0x00000000ed080000)
  to   space 5120K, 0% used [0x00000000ed080000,0x00000000ed080000,0x00000000ed580000)
 ParOldGen       total 87552K, used 1394K [0x00000000c0000000, 0x00000000c5580000, 0x00000000eab00000)
  object space 87552K, 1% used [0x00000000c0000000,0x00000000c015ca80,0x00000000c5580000)
 Metaspace       used 5443K, capacity 6832K, committed 7040K, reserved 1056768K
  class space    used 524K, capacity 616K, committed 640K, reserved 1048576K

Card table byte_map: [0x00000000126b0000,0x00000000128c0000] byte_map_base: 0x00000000120b0000

Marking Bits: (ParMarkBitMap*) 0x00000000510a9d00
 Begin Bits: [0x0000000012e20000, 0x0000000013e20000)
 End Bits:   [0x0000000013e20000, 0x0000000014e20000)

Polling page: 0x0000000001550000

CodeCache: size=245760Kb used=5225Kb max_used=5245Kb free=240534Kb
 bounds [0x00000000032f0000, 0x0000000003820000, 0x00000000122f0000]
 total_blobs=1480 nmethods=1221 adapters=173
 compilation: enabled

Compilation events (10 events):
Event: 4.802 Thread 0x0000000017066800 1230       3       java.util.TreeMap$Values::iterator (19 bytes)
Event: 4.802 Thread 0x0000000017066800 nmethod 1230 0x0000000003806b90 code [0x0000000003806d20, 0x0000000003807230]
Event: 4.802 Thread 0x0000000017066800 1232       3       com.android.dx.dex.file.IdItem::<init> (24 bytes)
Event: 4.803 Thread 0x0000000017066800 nmethod 1232 0x0000000003807490 code [0x0000000003807620, 0x00000000038079a8]
Event: 4.803 Thread 0x0000000017066800 1233       3       java.util.Vector::<init> (49 bytes)
Event: 4.803 Thread 0x0000000017066800 nmethod 1233 0x0000000003807b10 code [0x0000000003807d00, 0x00000000038086f8]
Event: 4.803 Thread 0x0000000017066800 1231       3       com.android.dx.rop.type.Type::compareTo (9 bytes)
Event: 4.803 Thread 0x0000000017066800 nmethod 1231 0x0000000003808b90 code [0x0000000003808d00, 0x00000000038090e8]
Event: 4.878 Thread 0x0000000017049000 nmethod 1205 0x000000000380e290 code [0x000000000380e580, 0x00000000038108b0]
Event: 4.878 Thread 0x0000000017049000 1215       4       com.android.dx.ssa.SsaMethod::deleteInsns (239 bytes)

GC Heap History (2 events):
Event: 4.654 GC heap before
{Heap before GC invocations=1 (full 0):
 PSYoungGen      total 38400K, used 33280K [0x00000000eab00000, 0x00000000ed580000, 0x0000000100000000)
  eden space 33280K, 100% used [0x00000000eab00000,0x00000000ecb80000,0x00000000ecb80000)
  from space 5120K, 0% used [0x00000000ed080000,0x00000000ed080000,0x00000000ed580000)
  to   space 5120K, 0% used [0x00000000ecb80000,0x00000000ecb80000,0x00000000ed080000)
 ParOldGen       total 87552K, used 0K [0x00000000c0000000, 0x00000000c5580000, 0x00000000eab00000)
  object space 87552K, 0% used [0x00000000c0000000,0x00000000c0000000,0x00000000c5580000)
 Metaspace       used 5424K, capacity 6832K, committed 7040K, reserved 1056768K
  class space    used 524K, capacity 616K, committed 640K, reserved 1048576K
Event: 4.756 GC heap after
Heap after GC invocations=1 (full 0):
 PSYoungGen      total 38400K, used 5112K [0x00000000eab00000, 0x00000000ed580000, 0x0000000100000000)
  eden space 33280K, 0% used [0x00000000eab00000,0x00000000eab00000,0x00000000ecb80000)
  from space 5120K, 99% used [0x00000000ecb80000,0x00000000ed07e058,0x00000000ed080000)
  to   space 5120K, 0% used [0x00000000ed080000,0x00000000ed080000,0x00000000ed580000)
 ParOldGen       total 87552K, used 1394K [0x00000000c0000000, 0x00000000c5580000, 0x00000000eab00000)
  object space 87552K, 1% used [0x00000000c0000000,0x00000000c015ca80,0x00000000c5580000)
 Metaspace       used 5424K, capacity 6832K, committed 7040K, reserved 1056768K
  class space    used 524K, capacity 616K, committed 640K, reserved 1048576K
}

Deoptimization events (10 events):
Event: 3.444 Thread 0x00000000031f0800 Uncommon trap: reason=class_check action=maybe_recompile pc=0x00000000036b7e7c method=com.android.dx.ssa.NormalSsaInsn.accept(Lcom/android/dx/ssa/SsaInsn$Visitor;)V @ 9
Event: 3.444 Thread 0x00000000031f0800 Uncommon trap: reason=class_check action=maybe_recompile pc=0x0000000003553cf0 method=com.android.dx.ssa.NormalSsaInsn.accept(Lcom/android/dx/ssa/SsaInsn$Visitor;)V @ 9
Event: 3.444 Thread 0x00000000031f0800 Uncommon trap: reason=class_check action=maybe_recompile pc=0x0000000003553cf0 method=com.android.dx.ssa.NormalSsaInsn.accept(Lcom/android/dx/ssa/SsaInsn$Visitor;)V @ 9
Event: 3.444 Thread 0x00000000031f0800 Uncommon trap: reason=class_check action=maybe_recompile pc=0x0000000003553cf0 method=com.android.dx.ssa.NormalSsaInsn.accept(Lcom/android/dx/ssa/SsaInsn$Visitor;)V @ 9
Event: 4.229 Thread 0x00000000031f0800 Uncommon trap: reason=class_check action=maybe_recompile pc=0x00000000036b7e7c method=com.android.dx.ssa.NormalSsaInsn.accept(Lcom/android/dx/ssa/SsaInsn$Visitor;)V @ 9
Event: 4.230 Thread 0x00000000031f0800 Uncommon trap: reason=class_check action=maybe_recompile pc=0x00000000037ab4fc method=com.android.dx.cf.code.BytecodeArray.parseInstruction(ILcom/android/dx/cf/code/BytecodeArray$Visitor;)I @ 1130
Event: 4.230 Thread 0x00000000031f0800 Uncommon trap: reason=class_check action=maybe_recompile pc=0x00000000037ab4fc method=com.android.dx.cf.code.BytecodeArray.parseInstruction(ILcom/android/dx/cf/code/BytecodeArray$Visitor;)I @ 1130
Event: 4.239 Thread 0x00000000031f0800 Uncommon trap: reason=class_check action=maybe_recompile pc=0x00000000037ab4fc method=com.android.dx.cf.code.BytecodeArray.parseInstruction(ILcom/android/dx/cf/code/BytecodeArray$Visitor;)I @ 1130
Event: 4.239 Thread 0x00000000031f0800 Uncommon trap: reason=class_check action=maybe_recompile pc=0x00000000037ab4fc method=com.android.dx.cf.code.BytecodeArray.parseInstruction(ILcom/android/dx/cf/code/BytecodeArray$Visitor;)I @ 1130
Event: 4.258 Thread 0x00000000031f0800 Uncommon trap: reason=bimorphic action=maybe_recompile pc=0x000000000354070c method=java.util.HashMap.getNode(ILjava/lang/Object;)Ljava/util/HashMap$Node; @ 126

Internal exceptions (2 events):
Event: 0.071 Thread 0x00000000031f0800 Exception <a 'java/lang/NoSuchMethodError': Method sun.misc.Unsafe.defineClass(Ljava/lang/String;[BII)Ljava/lang/Class; name or signature does not match> (0x00000000eab07cc0) thrown at [C:\src\android\AOSP-openjdk\external\jetbrains\jdk\hotspot\src\share\výË2OóÌµ?
Event: 0.085 Thread 0x00000000031f0800 Exception <a 'java/lang/NoSuchMethodError': Method sun.misc.Unsafe.prefetchRead(Ljava/lang/Object;J)V name or signature does not match> (0x00000000eab07fa8) thrown at [C:\src\android\AOSP-openjdk\external\jetbrains\jdk\hotspot\src\share\vm\prims\jni.cpp, l

Events (10 events):
Event: 4.654 Executing VM operation: ParallelGCFailedAllocation
Event: 4.756 Executing VM operation: ParallelGCFailedAllocation done
Event: 4.772 Thread 0x00000000031f0800 DEOPT PACKING pc=0x000000000366bc13 sp=0x00000000031ee610
Event: 4.772 Thread 0x00000000031f0800 DEOPT UNPACKING pc=0x00000000033375bf sp=0x00000000031ee3e0 mode 0
Event: 4.780 Thread 0x00000000031f0800 DEOPT PACKING pc=0x0000000003615697 sp=0x00000000031ee590
Event: 4.780 Thread 0x00000000031f0800 DEOPT UNPACKING pc=0x00000000033375bf sp=0x00000000031ee370 mode 0
Event: 4.801 loading class com/android/dx/cf/direct/DirectClassFile$DcfTypeList
Event: 4.801 loading class com/android/dx/cf/direct/DirectClassFile$DcfTypeList done
Event: 4.807 Thread 0x00000000031f0800 DEOPT PACKING pc=0x00000000036154ad sp=0x00000000031ee470
Event: 4.807 Thread 0x00000000031f0800 DEOPT UNPACKING pc=0x00000000033375bf sp=0x00000000031ee250 mode 0


Dynamic libraries:
0x00007ff6bcd60000 - 0x00007ff6bcd91000 	C:\Program Files\Android\Android Studio\jre\bin\java.exe
0x00007ff8262b0000 - 0x00007ff826481000 	C:\WINDOWS\SYSTEM32\ntdll.dll
0x00007ff823840000 - 0x00007ff8238eb000 	C:\WINDOWS\System32\KERNEL32.DLL
0x00007ff822bb0000 - 0x00007ff822dcd000 	C:\WINDOWS\System32\KERNELBASE.dll
0x00007ff824030000 - 0x00007ff8240d2000 	C:\WINDOWS\System32\ADVAPI32.dll
0x00007ff824140000 - 0x00007ff8241de000 	C:\WINDOWS\System32\msvcrt.dll
0x00007ff8240e0000 - 0x00007ff824139000 	C:\WINDOWS\System32\sechost.dll
0x00007ff8238f0000 - 0x00007ff823a11000 	C:\WINDOWS\System32\RPCRT4.dll
0x00007ff8246c0000 - 0x00007ff824825000 	C:\WINDOWS\System32\USER32.dll
0x00007ff822950000 - 0x00007ff82296e000 	C:\WINDOWS\System32\win32u.dll
0x00007ff823a80000 - 0x00007ff823ab4000 	C:\WINDOWS\System32\GDI32.dll
0x00007ff8236b0000 - 0x00007ff823832000 	C:\WINDOWS\System32\gdi32full.dll
0x00007ff814210000 - 0x00007ff814489000 	C:\WINDOWS\WinSxS\amd64_microsoft.windows.common-controls_6595b64144ccf1df_6.0.14393.447_none_42191651c6827bb3\COMCTL32.dll
0x00007ff824240000 - 0x00007ff824508000 	C:\WINDOWS\System32\combase.dll
0x00007ff8227a0000 - 0x00007ff822895000 	C:\WINDOWS\System32\ucrtbase.dll
0x00007ff822b40000 - 0x00007ff822baa000 	C:\WINDOWS\System32\bcryptPrimitives.dll
0x00007ff824620000 - 0x00007ff82464e000 	C:\WINDOWS\System32\IMM32.DLL
0x00000000518a0000 - 0x0000000051972000 	C:\Program Files\Android\Android Studio\jre\jre\bin\msvcr100.dll
0x00000000508f0000 - 0x0000000051124000 	C:\Program Files\Android\Android Studio\jre\jre\bin\server\jvm.dll
0x00007ff823de0000 - 0x00007ff823de8000 	C:\WINDOWS\System32\PSAPI.DLL
0x00007ff81e670000 - 0x00007ff81e679000 	C:\WINDOWS\SYSTEM32\WSOCK32.dll
0x00007ff824650000 - 0x00007ff8246ba000 	C:\WINDOWS\System32\WS2_32.dll
0x00007ff820ba0000 - 0x00007ff820bc3000 	C:\WINDOWS\SYSTEM32\WINMM.dll
0x00007ff814f20000 - 0x00007ff814f2a000 	C:\WINDOWS\SYSTEM32\VERSION.dll
0x00007ff820b30000 - 0x00007ff820b5b000 	C:\WINDOWS\SYSTEM32\WINMMBASE.dll
0x00007ff822e80000 - 0x00007ff822ec2000 	C:\WINDOWS\System32\cfgmgr32.dll
0x00007ff81c640000 - 0x00007ff81c64f000 	C:\Program Files\Android\Android Studio\jre\jre\bin\verify.dll
0x00007ff80ace0000 - 0x00007ff80ad09000 	C:\Program Files\Android\Android Studio\jre\jre\bin\java.dll
0x00007ff81ab60000 - 0x00007ff81ab76000 	C:\Program Files\Android\Android Studio\jre\jre\bin\zip.dll
0x00007ff824da0000 - 0x00007ff8262a9000 	C:\WINDOWS\System32\SHELL32.dll
0x00007ff822ed0000 - 0x00007ff8235aa000 	C:\WINDOWS\System32\windows.storage.dll
0x00007ff822720000 - 0x00007ff82276c000 	C:\WINDOWS\System32\powrprof.dll
0x00007ff824910000 - 0x00007ff824962000 	C:\WINDOWS\System32\shlwapi.dll
0x00007ff822770000 - 0x00007ff82277f000 	C:\WINDOWS\System32\kernel.appcore.dll
0x00007ff8228a0000 - 0x00007ff822949000 	C:\WINDOWS\System32\shcore.dll
0x00007ff822780000 - 0x00007ff822794000 	C:\WINDOWS\System32\profapi.dll

VM Arguments:
jvm_args: -Djava.awt.headless=true -Xmx1024M -Dfile.encoding=GBK -Duser.country=CN -Duser.language=zh -Duser.variant 
java_command: com.android.dx.command.Main --dex --force-jumbo --multi-dex --output D:\VR shooting game\app\build\intermediates\transforms\dex\debug\folders\1000\5\slice_5 D:\VR shooting game\app\build\intermediates\transforms\instantRunSlicer\debug\folders\1\5\slice_5
java_class_path (initial): C:\Users\Haoran\AppData\Local\Android\sdk\build-tools\21.0.1\lib\dx.jar
Launcher Type: SUN_STANDARD

Environment Variables:
PATH=C:\ProgramData\Oracle\Java\javapath;C:\Program Files (x86)\Intel\iCLS Client\;C:\Program Files\Intel\iCLS Client\;C:\WINDOWS\system32;C:\WINDOWS;C:\WINDOWS\System32\Wbem;C:\WINDOWS\System32\WindowsPowerShell\v1.0\;C:\Program Files (x86)\Intel\Intel(R) Management Engine Components\DAL;C:\Program Files\Intel\Intel(R) Management Engine Components\DAL;C:\Program Files (x86)\Intel\Intel(R) Management Engine Components\IPT;C:\Program Files\Intel\Intel(R) Management Engine Components\IPT;C:\Program Files\MATLAB\R2016a\runtime\win64;C:\Program Files\MATLAB\R2016a\bin;C:\Program Files\MATLAB\R2016a\polyspace\bin;C:\Program Files (x86)\Skype\Phone\;C:\Program Files\MiKTeX 2.9\miktex\bin\x64\;C:\WINDOWS\system32\config\systemprofile\.dnx\bin;C:\Program Files\Microsoft DNX\Dnvm\;C:\Program Files (x86)\Windows Kits\8.1\Windows Performance Toolkit\;C:\Program Files\Microsoft SQL Server\120\Tools\Binn\;C:\Program Files (x86)\nodejs\;C:\Anaconda2;C:\Anaconda2\Scripts;C:\Anaconda2\Library\bin;C:\Users\Haoran\AppData\Local\Microsoft\WindowsApps;C:\Users\Haoran\AppData\Roaming\npm
USERNAME=Haoran
OS=Windows_NT
PROCESSOR_IDENTIFIER=Intel64 Family 6 Model 78 Stepping 3, GenuineIntel



---------------  S Y S T E M  ---------------

OS: Windows 10.0 , 64 bit Build 14393 (10.0.14393.0)

CPU:total 4 (2 cores per cpu, 2 threads per core) family 6 model 78 stepping 3, cmov, cx8, fxsr, mmx, sse, sse2, sse3, ssse3, sse4.1, sse4.2, popcnt, avx, avx2, aes, clmul, erms, 3dnowpref, lzcnt, ht, tsc, tscinvbit, bmi1, bmi2, adx

Memory: 4k page, physical 8266656k(974352k free), swap 10363808k(5780k free)

vm_info: OpenJDK 64-Bit Server VM (25.76-b03) for windows-amd64 JRE (1.8.0_76-release-b03), built on Jun 29 2016 19:09:20 by "ralucas" with MS VC++ 10.0 (VS2010)

time: Wed Jan 18 17:54:38 2017
elapsed time: 4 seconds (0d 0h 0m 4s)

