#
# There is insufficient memory for the Java Runtime Environment to continue.
# Native memory allocation (malloc) failed to allocate 343408 bytes for Chunk::new
# Possible reasons:
#   The system is out of physical RAM or swap space
#   In 32 bit mode, the process size limit was hit
# Possible solutions:
#   Reduce memory load on the system
#   Increase physical memory or swap space
#   Check if swap backing store is full
#   Use 64 bit Java on a 64 bit OS
#   Decrease Java heap size (-Xmx/-Xms)
#   Decrease number of Java threads
#   Decrease Java thread stack sizes (-Xss)
#   Set larger code cache with -XX:ReservedCodeCacheSize=
# This output file may be truncated or incomplete.
#
#  Out of Memory Error (allocation.cpp:390), pid=59408, tid=0x000000000000e950
#
# JRE version: OpenJDK Runtime Environment (8.0_76-b03) (build 1.8.0_76-release-b03)
# Java VM: OpenJDK 64-Bit Server VM (25.76-b03 mixed mode windows-amd64 compressed oops)
# Failed to write core dump. Minidumps are not enabled by default on client versions of Windows
#

---------------  T H R E A D  ---------------

Current thread (0x0000000017097000):  JavaThread "C2 CompilerThread1" daemon [_thread_in_native, id=59728, stack(0x0000000017440000,0x0000000017540000)]

Stack: [0x0000000017440000,0x0000000017540000]
[error occurred during error reporting (printing stack bounds), id 0xc0000005]

Native frames: (J=compiled Java code, j=interpreted, Vv=VM code, C=native code)


Current CompileTask:
C2:  13752 1786   !   4       com.android.dx.cf.code.BytecodeArray::parseInstruction (2764 bytes)


---------------  P R O C E S S  ---------------

Java Threads: ( => current thread )
  0x000000001709f800 JavaThread "Service Thread" daemon [_thread_blocked, id=60004, stack(0x0000000017640000,0x0000000017740000)]
  0x000000001709a800 JavaThread "C1 CompilerThread2" daemon [_thread_blocked, id=58044, stack(0x0000000017540000,0x0000000017640000)]
=>0x0000000017097000 JavaThread "C2 CompilerThread1" daemon [_thread_in_native, id=59728, stack(0x0000000017440000,0x0000000017540000)]
  0x0000000015a3d800 JavaThread "C2 CompilerThread0" daemon [_thread_in_native, id=59552, stack(0x0000000016f40000,0x0000000017040000)]
  0x00000000159f1000 JavaThread "Attach Listener" daemon [_thread_blocked, id=59620, stack(0x0000000016e40000,0x0000000016f40000)]
  0x00000000159f0000 JavaThread "Signal Dispatcher" daemon [_thread_blocked, id=59592, stack(0x0000000016d40000,0x0000000016e40000)]
  0x00000000159c8800 JavaThread "Finalizer" daemon [_thread_blocked, id=55576, stack(0x0000000016c40000,0x0000000016d40000)]
  0x0000000003301000 JavaThread "Reference Handler" daemon [_thread_blocked, id=59736, stack(0x0000000016b40000,0x0000000016c40000)]
  0x0000000003210800 JavaThread "main" [_thread_in_vm, id=60332, stack(0x0000000002c30000,0x0000000002d30000)]

Other Threads:
  0x00000000159a4800 VMThread [stack: 0x0000000016a40000,0x0000000016b40000] [id=57464]
  0x00000000170a1000 WatcherThread [stack: 0x0000000017740000,0x0000000017840000] [id=60048]

VM state:not at safepoint (normal execution)

VM Mutex/Monitor currently owned by a thread:  ([mutex/lock_event])
[0x0000000002d4e4b0] CompiledIC_lock - owner thread: 0x0000000003210800

Heap:
 PSYoungGen      total 71680K, used 26521K [0x00000000eab00000, 0x00000000ef600000, 0x0000000100000000)
  eden space 66560K, 32% used [0x00000000eab00000,0x00000000ebfe89a8,0x00000000eec00000)
  from space 5120K, 99% used [0x00000000eec00000,0x00000000ef0fda58,0x00000000ef100000)
  to   space 5120K, 0% used [0x00000000ef100000,0x00000000ef100000,0x00000000ef600000)
 ParOldGen       total 87552K, used 15046K [0x00000000c0000000, 0x00000000c5580000, 0x00000000eab00000)
  object space 87552K, 17% used [0x00000000c0000000,0x00000000c0eb19f0,0x00000000c5580000)
 Metaspace       used 5653K, capacity 7024K, committed 7296K, reserved 1056768K
  class space    used 524K, capacity 616K, committed 640K, reserved 1048576K

Card table byte_map: [0x00000000126d0000,0x00000000128e0000] byte_map_base: 0x00000000120d0000

Marking Bits: (ParMarkBitMap*) 0x00000000510a9d00
 Begin Bits: [0x0000000012e40000, 0x0000000013e40000)
 End Bits:   [0x0000000013e40000, 0x0000000014e40000)

Polling page: 0x00000000012b0000

CodeCache: size=245760Kb used=6770Kb max_used=8714Kb free=238989Kb
 bounds [0x0000000003310000, 0x0000000003bd0000, 0x0000000012310000]
 total_blobs=1665 nmethods=1404 adapters=173
 compilation: enabled

Compilation events (10 events):
Event: 13.618 Thread 0x000000001709a800 nmethod 1782 0x00000000036f9690 code [0x00000000036f97e0, 0x00000000036f98f0]
Event: 13.618 Thread 0x000000001709a800 1783       3       com.android.dx.rop.code.Rops::opMoveResult (23 bytes)
Event: 13.619 Thread 0x000000001709a800 nmethod 1783 0x0000000003668b50 code [0x0000000003668ce0, 0x0000000003669018]
Event: 13.623 Thread 0x0000000017097000 1784       4       com.android.dx.rop.code.Rop::canThrow (18 bytes)
Event: 13.624 Thread 0x0000000017097000 nmethod 1784 0x00000000034d6d10 code [0x00000000034d6e60, 0x00000000034d6f18]
Event: 13.628 Thread 0x000000001709a800 1785       3       java.io.DataInputStream::<init> (30 bytes)
Event: 13.629 Thread 0x000000001709a800 nmethod 1785 0x0000000003606e90 code [0x0000000003607000, 0x0000000003607450]
Event: 13.632 Thread 0x0000000017097000 1786   !   4       com.android.dx.cf.code.BytecodeArray::parseInstruction (2764 bytes)
Event: 13.643 Thread 0x000000001709a800 1788       3       com.android.dx.dex.code.RopTranslator$TranslationVisitor::addOutputSuffix (9 bytes)
Event: 13.644 Thread 0x000000001709a800 nmethod 1788 0x00000000035c19d0 code [0x00000000035c1b80, 0x00000000035c2148]

GC Heap History (6 events):
Event: 4.296 GC heap before
{Heap before GC invocations=1 (full 0):
 PSYoungGen      total 38400K, used 33280K [0x00000000eab00000, 0x00000000ed580000, 0x0000000100000000)
  eden space 33280K, 100% used [0x00000000eab00000,0x00000000ecb80000,0x00000000ecb80000)
  from space 5120K, 0% used [0x00000000ed080000,0x00000000ed080000,0x00000000ed580000)
  to   space 5120K, 0% used [0x00000000ecb80000,0x00000000ecb80000,0x00000000ed080000)
 ParOldGen       total 87552K, used 0K [0x00000000c0000000, 0x00000000c5580000, 0x00000000eab00000)
  object space 87552K, 0% used [0x00000000c0000000,0x00000000c0000000,0x00000000c5580000)
 Metaspace       used 5474K, capacity 6896K, committed 7040K, reserved 1056768K
  class space    used 522K, capacity 616K, committed 640K, reserved 1048576K
Event: 4.352 GC heap after
Heap after GC invocations=1 (full 0):
 PSYoungGen      total 38400K, used 5091K [0x00000000eab00000, 0x00000000ef600000, 0x0000000100000000)
  eden space 33280K, 0% used [0x00000000eab00000,0x00000000eab00000,0x00000000ecb80000)
  from space 5120K, 99% used [0x00000000ecb80000,0x00000000ed078c58,0x00000000ed080000)
  to   space 5120K, 0% used [0x00000000ef100000,0x00000000ef100000,0x00000000ef600000)
 ParOldGen       total 87552K, used 1213K [0x00000000c0000000, 0x00000000c5580000, 0x00000000eab00000)
  object space 87552K, 1% used [0x00000000c0000000,0x00000000c012f528,0x00000000c5580000)
 Metaspace       used 5474K, capacity 6896K, committed 7040K, reserved 1056768K
  class space    used 522K, capacity 616K, committed 640K, reserved 1048576K
}
Event: 8.420 GC heap before
{Heap before GC invocations=2 (full 0):
 PSYoungGen      total 38400K, used 38371K [0x00000000eab00000, 0x00000000ef600000, 0x0000000100000000)
  eden space 33280K, 100% used [0x00000000eab00000,0x00000000ecb80000,0x00000000ecb80000)
  from space 5120K, 99% used [0x00000000ecb80000,0x00000000ed078c58,0x00000000ed080000)
  to   space 5120K, 0% used [0x00000000ef100000,0x00000000ef100000,0x00000000ef600000)
 ParOldGen       total 87552K, used 1213K [0x00000000c0000000, 0x00000000c5580000, 0x00000000eab00000)
  object space 87552K, 1% used [0x00000000c0000000,0x00000000c012f528,0x00000000c5580000)
 Metaspace       used 5546K, capacity 6960K, committed 7040K, reserved 1056768K
  class space    used 524K, capacity 616K, committed 640K, reserved 1048576K
Event: 8.501 GC heap after
Heap after GC invocations=2 (full 0):
 PSYoungGen      total 71680K, used 5106K [0x00000000eab00000, 0x00000000ef600000, 0x0000000100000000)
  eden space 66560K, 0% used [0x00000000eab00000,0x00000000eab00000,0x00000000eec00000)
  from space 5120K, 99% used [0x00000000ef100000,0x00000000ef5fc820,0x00000000ef600000)
  to   space 5120K, 0% used [0x00000000eec00000,0x00000000eec00000,0x00000000ef100000)
 ParOldGen       total 87552K, used 5687K [0x00000000c0000000, 0x00000000c5580000, 0x00000000eab00000)
  object space 87552K, 6% used [0x00000000c0000000,0x00000000c058dd18,0x00000000c5580000)
 Metaspace       used 5546K, capacity 6960K, committed 7040K, reserved 1056768K
  class space    used 524K, capacity 616K, committed 640K, reserved 1048576K
}
Event: 12.508 GC heap before
{Heap before GC invocations=3 (full 0):
 PSYoungGen      total 71680K, used 71666K [0x00000000eab00000, 0x00000000ef600000, 0x0000000100000000)
  eden space 66560K, 100% used [0x00000000eab00000,0x00000000eec00000,0x00000000eec00000)
  from space 5120K, 99% used [0x00000000ef100000,0x00000000ef5fc820,0x00000000ef600000)
  to   space 5120K, 0% used [0x00000000eec00000,0x00000000eec00000,0x00000000ef100000)
 ParOldGen       total 87552K, used 5687K [0x00000000c0000000, 0x00000000c5580000, 0x00000000eab00000)
  object space 87552K, 6% used [0x00000000c0000000,0x00000000c058dd18,0x00000000c5580000)
 Metaspace       used 5640K, capacity 7024K, committed 7296K, reserved 1056768K
  class space    used 524K, capacity 616K, committed 640K, reserved 1048576K
Event: 12.802 GC heap after
Heap after GC invocations=3 (full 0):
 PSYoungGen      total 71680K, used 5110K [0x00000000eab00000, 0x00000000ef600000, 0x0000000100000000)
  eden space 66560K, 0% used [0x00000000eab00000,0x00000000eab00000,0x00000000eec00000)
  from space 5120K, 99% used [0x00000000eec00000,0x00000000ef0fda58,0x00000000ef100000)
  to   space 5120K, 0% used [0x00000000ef100000,0x00000000ef100000,0x00000000ef600000)
 ParOldGen       total 87552K, used 15046K [0x00000000c0000000, 0x00000000c5580000, 0x00000000eab00000)
  object space 87552K, 17% used [0x00000000c0000000,0x00000000c0eb19f0,0x00000000c5580000)
 Metaspace       used 5640K, capacity 7024K, committed 7296K, reserved 1056768K
  class space    used 524K, capacity 616K, committed 640K, reserved 1048576K
}

Deoptimization events (10 events):
Event: 12.467 Thread 0x0000000003210800 Uncommon trap: reason=unstable_if action=reinterpret pc=0x0000000003a768e8 method=com.android.dx.ssa.SCCP.simulateStmt(Lcom/android/dx/ssa/SsaInsn;)V @ 59
Event: 13.130 Thread 0x0000000003210800 Uncommon trap: reason=bimorphic action=maybe_recompile pc=0x0000000003a4030c method=com.android.dx.cf.code.BytecodeArray.parseInstruction(ILcom/android/dx/cf/code/BytecodeArray$Visitor;)I @ 2281
Event: 13.130 Thread 0x0000000003210800 Uncommon trap: reason=bimorphic action=maybe_recompile pc=0x0000000003a4030c method=com.android.dx.cf.code.BytecodeArray.parseInstruction(ILcom/android/dx/cf/code/BytecodeArray$Visitor;)I @ 2281
Event: 13.152 Thread 0x0000000003210800 Uncommon trap: reason=bimorphic action=maybe_recompile pc=0x0000000003ab78e8 method=com.android.dx.rop.code.Rops.opMoveResultPseudo(Lcom/android/dx/rop/type/TypeBearer;)Lcom/android/dx/rop/code/Rop; @ 7
Event: 13.152 Thread 0x0000000003210800 Uncommon trap: reason=bimorphic action=maybe_recompile pc=0x0000000003818dac method=com.android.dx.ssa.LiteralOpUpgrader.tryReplacingWithConstant(Lcom/android/dx/ssa/NormalSsaInsn;)Z @ 52
Event: 13.177 Thread 0x0000000003210800 Uncommon trap: reason=bimorphic action=maybe_recompile pc=0x0000000003ab78e8 method=com.android.dx.rop.code.Rops.opMoveResultPseudo(Lcom/android/dx/rop/type/TypeBearer;)Lcom/android/dx/rop/code/Rop; @ 7
Event: 13.179 Thread 0x0000000003210800 Uncommon trap: reason=bimorphic action=maybe_recompile pc=0x0000000003818dac method=com.android.dx.ssa.LiteralOpUpgrader.tryReplacingWithConstant(Lcom/android/dx/ssa/NormalSsaInsn;)Z @ 52
Event: 13.455 Thread 0x0000000003210800 Uncommon trap: reason=bimorphic action=maybe_recompile pc=0x0000000003ab78e8 method=com.android.dx.rop.code.Rops.opMoveResultPseudo(Lcom/android/dx/rop/type/TypeBearer;)Lcom/android/dx/rop/code/Rop; @ 7
Event: 13.631 Thread 0x0000000003210800 Uncommon trap: reason=bimorphic action=maybe_recompile pc=0x0000000003755770 method=com.android.dx.cf.code.BytecodeArray.parseInstruction(ILcom/android/dx/cf/code/BytecodeArray$Visitor;)I @ 1035
Event: 13.631 Thread 0x0000000003210800 Uncommon trap: reason=bimorphic action=maybe_recompile pc=0x0000000003755770 method=com.android.dx.cf.code.BytecodeArray.parseInstruction(ILcom/android/dx/cf/code/BytecodeArray$Visitor;)I @ 1035

Internal exceptions (4 events):
Event: 0.206 Thread 0x0000000003210800 Exception <a 'java/lang/NoSuchMethodError': Method sun.misc.Unsafe.defineClass(Ljava/lang/String;[BII)Ljava/lang/Class; name or signature does not match> (0x00000000eab07cc0) thrown at [C:\src\android\AOSP-openjdk\external\jetbrains\jdk\hotspot\src\share\v-7*Å{R ?
Event: 0.206 Thread 0x0000000003210800 Exception <a 'java/lang/NoSuchMethodError': Method sun.misc.Unsafe.prefetchRead(Ljava/lang/Object;J)V name or signature does not match> (0x00000000eab07fa8) thrown at [C:\src\android\AOSP-openjdk\external\jetbrains\jdk\hotspot\src\share\vm\prims\jni.cpp, l\Í5J@
Event: 3.411 Thread 0x0000000003210800 Implicit null exception at 0x00000000037bfa4d to 0x00000000037c101d
Event: 8.132 Thread 0x0000000003210800 Implicit null exception at 0x000000000379eb22 to 0x000000000379ec1a

Events (10 events):
Event: 13.182 Thread 0x0000000003210800 DEOPT UNPACKING pc=0x00000000033575bf sp=0x0000000002d2e2c8 mode 0
Event: 13.455 Thread 0x0000000003210800 Uncommon trap: trap_request=0xffffffc6 fr.pc=0x0000000003ab78e8
Event: 13.455 Thread 0x0000000003210800 DEOPT PACKING pc=0x0000000003ab78e8 sp=0x0000000002d2e2b0
Event: 13.455 Thread 0x0000000003210800 DEOPT UNPACKING pc=0x000000000335556a sp=0x0000000002d2e1d8 mode 2
Event: 13.631 Thread 0x0000000003210800 Uncommon trap: trap_request=0xffffffc6 fr.pc=0x0000000003755770
Event: 13.631 Thread 0x0000000003210800 DEOPT PACKING pc=0x0000000003755770 sp=0x0000000002d2e250
Event: 13.631 Thread 0x0000000003210800 DEOPT UNPACKING pc=0x000000000335556a sp=0x0000000002d2e1d8 mode 2
Event: 13.631 Thread 0x0000000003210800 Uncommon trap: trap_request=0xffffffc6 fr.pc=0x0000000003755770
Event: 13.631 Thread 0x0000000003210800 DEOPT PACKING pc=0x0000000003755770 sp=0x0000000002d2e250
Event: 13.631 Thread 0x0000000003210800 DEOPT UNPACKING pc=0x000000000335556a sp=0x0000000002d2e1d8 mode 2


Dynamic libraries:
0x00007ff6bcd60000 - 0x00007ff6bcd91000 	C:\Program Files\Android\Android Studio\jre\bin\java.exe
0x00007ff8262b0000 - 0x00007ff826481000 	C:\WINDOWS\SYSTEM32\ntdll.dll
0x00007ff823840000 - 0x00007ff8238eb000 	C:\WINDOWS\System32\KERNEL32.DLL
0x00007ff822bb0000 - 0x00007ff822dcd000 	C:\WINDOWS\System32\KERNELBASE.dll
0x00007ff824030000 - 0x00007ff8240d2000 	C:\WINDOWS\System32\ADVAPI32.dll
0x00007ff824140000 - 0x00007ff8241de000 	C:\WINDOWS\System32\msvcrt.dll
0x00007ff8240e0000 - 0x00007ff824139000 	C:\WINDOWS\System32\sechost.dll
0x00007ff8238f0000 - 0x00007ff823a11000 	C:\WINDOWS\System32\RPCRT4.dll
0x00007ff8246c0000 - 0x00007ff824825000 	C:\WINDOWS\System32\USER32.dll
0x00007ff822950000 - 0x00007ff82296e000 	C:\WINDOWS\System32\win32u.dll
0x00007ff823a80000 - 0x00007ff823ab4000 	C:\WINDOWS\System32\GDI32.dll
0x00007ff8236b0000 - 0x00007ff823832000 	C:\WINDOWS\System32\gdi32full.dll
0x00007ff814210000 - 0x00007ff814489000 	C:\WINDOWS\WinSxS\amd64_microsoft.windows.common-controls_6595b64144ccf1df_6.0.14393.447_none_42191651c6827bb3\COMCTL32.dll
0x00007ff824240000 - 0x00007ff824508000 	C:\WINDOWS\System32\combase.dll
0x00007ff8227a0000 - 0x00007ff822895000 	C:\WINDOWS\System32\ucrtbase.dll
0x00007ff822b40000 - 0x00007ff822baa000 	C:\WINDOWS\System32\bcryptPrimitives.dll
0x00007ff824620000 - 0x00007ff82464e000 	C:\WINDOWS\System32\IMM32.DLL
0x00000000518a0000 - 0x0000000051972000 	C:\Program Files\Android\Android Studio\jre\jre\bin\msvcr100.dll
0x00000000508f0000 - 0x0000000051124000 	C:\Program Files\Android\Android Studio\jre\jre\bin\server\jvm.dll
0x00007ff823de0000 - 0x00007ff823de8000 	C:\WINDOWS\System32\PSAPI.DLL
0x00007ff81e670000 - 0x00007ff81e679000 	C:\WINDOWS\SYSTEM32\WSOCK32.dll
0x00007ff824650000 - 0x00007ff8246ba000 	C:\WINDOWS\System32\WS2_32.dll
0x00007ff820ba0000 - 0x00007ff820bc3000 	C:\WINDOWS\SYSTEM32\WINMM.dll
0x00007ff814f20000 - 0x00007ff814f2a000 	C:\WINDOWS\SYSTEM32\VERSION.dll
0x00007ff820b30000 - 0x00007ff820b5b000 	C:\WINDOWS\SYSTEM32\WINMMBASE.dll
0x00007ff822e80000 - 0x00007ff822ec2000 	C:\WINDOWS\System32\cfgmgr32.dll
0x00007ff81c640000 - 0x00007ff81c64f000 	C:\Program Files\Android\Android Studio\jre\jre\bin\verify.dll
0x00007ff80ace0000 - 0x00007ff80ad09000 	C:\Program Files\Android\Android Studio\jre\jre\bin\java.dll
0x00007ff81ab60000 - 0x00007ff81ab76000 	C:\Program Files\Android\Android Studio\jre\jre\bin\zip.dll
0x00007ff824da0000 - 0x00007ff8262a9000 	C:\WINDOWS\System32\SHELL32.dll
0x00007ff822ed0000 - 0x00007ff8235aa000 	C:\WINDOWS\System32\windows.storage.dll
0x00007ff822720000 - 0x00007ff82276c000 	C:\WINDOWS\System32\powrprof.dll
0x00007ff824910000 - 0x00007ff824962000 	C:\WINDOWS\System32\shlwapi.dll
0x00007ff822770000 - 0x00007ff82277f000 	C:\WINDOWS\System32\kernel.appcore.dll
0x00007ff8228a0000 - 0x00007ff822949000 	C:\WINDOWS\System32\shcore.dll
0x00007ff822780000 - 0x00007ff822794000 	C:\WINDOWS\System32\profapi.dll

VM Arguments:
jvm_args: -Djava.awt.headless=true -Xmx1024M -Dfile.encoding=GBK -Duser.country=CN -Duser.language=zh -Duser.variant 
java_command: com.android.dx.command.Main --dex --force-jumbo --multi-dex --output D:\VR shooting game\app\build\intermediates\transforms\dex\debug\folders\1000\5\slice_7 D:\VR shooting game\app\build\intermediates\transforms\instantRunSlicer\debug\folders\1\5\slice_7
java_class_path (initial): C:\Users\Haoran\AppData\Local\Android\sdk\build-tools\21.0.1\lib\dx.jar
Launcher Type: SUN_STANDARD

Environment Variables:
PATH=C:\ProgramData\Oracle\Java\javapath;C:\Program Files (x86)\Intel\iCLS Client\;C:\Program Files\Intel\iCLS Client\;C:\WINDOWS\system32;C:\WINDOWS;C:\WINDOWS\System32\Wbem;C:\WINDOWS\System32\WindowsPowerShell\v1.0\;C:\Program Files (x86)\Intel\Intel(R) Management Engine Components\DAL;C:\Program Files\Intel\Intel(R) Management Engine Components\DAL;C:\Program Files (x86)\Intel\Intel(R) Management Engine Components\IPT;C:\Program Files\Intel\Intel(R) Management Engine Components\IPT;C:\Program Files\MATLAB\R2016a\runtime\win64;C:\Program Files\MATLAB\R2016a\bin;C:\Program Files\MATLAB\R2016a\polyspace\bin;C:\Program Files (x86)\Skype\Phone\;C:\Program Files\MiKTeX 2.9\miktex\bin\x64\;C:\WINDOWS\system32\config\systemprofile\.dnx\bin;C:\Program Files\Microsoft DNX\Dnvm\;C:\Program Files (x86)\Windows Kits\8.1\Windows Performance Toolkit\;C:\Program Files\Microsoft SQL Server\120\Tools\Binn\;C:\Program Files (x86)\nodejs\;C:\Anaconda2;C:\Anaconda2\Scripts;C:\Anaconda2\Library\bin;C:\Users\Haoran\AppData\Local\Microsoft\WindowsApps;C:\Users\Haoran\AppData\Roaming\npm
USERNAME=Haoran
OS=Windows_NT
PROCESSOR_IDENTIFIER=Intel64 Family 6 Model 78 Stepping 3, GenuineIntel



---------------  S Y S T E M  ---------------

OS: Windows 10.0 , 64 bit Build 14393 (10.0.14393.0)

CPU:total 4 (2 cores per cpu, 2 threads per core) family 6 model 78 stepping 3, cmov, cx8, fxsr, mmx, sse, sse2, sse3, ssse3, sse4.1, sse4.2, popcnt, avx, avx2, aes, clmul, erms, 3dnowpref, lzcnt, ht, tsc, tscinvbit, bmi1, bmi2, adx

Memory: 4k page, physical 8266656k(910584k free), swap 10363808k(2872k free)

vm_info: OpenJDK 64-Bit Server VM (25.76-b03) for windows-amd64 JRE (1.8.0_76-release-b03), built on Jun 29 2016 19:09:20 by "ralucas" with MS VC++ 10.0 (VS2010)

time: Wed Jan 18 17:53:52 2017
elapsed time: 13 seconds (0d 0h 0m 13s)

