#
# There is insufficient memory for the Java Runtime Environment to continue.
# Native memory allocation (malloc) failed to allocate 3072 bytes for AllocateHeap
# Possible reasons:
#   The system is out of physical RAM or swap space
#   In 32 bit mode, the process size limit was hit
# Possible solutions:
#   Reduce memory load on the system
#   Increase physical memory or swap space
#   Check if swap backing store is full
#   Use 64 bit Java on a 64 bit OS
#   Decrease Java heap size (-Xmx/-Xms)
#   Decrease number of Java threads
#   Decrease Java thread stack sizes (-Xss)
#   Set larger code cache with -XX:ReservedCodeCacheSize=
# This output file may be truncated or incomplete.
#
#  Out of Memory Error (memory/allocation.inline.hpp:61), pid=8588, tid=0x000000000000b3fc
#
# JRE version: OpenJDK Runtime Environment (8.0_76-b03) (build 1.8.0_76-release-b03)
# Java VM: OpenJDK 64-Bit Server VM (25.76-b03 mixed mode windows-amd64 compressed oops)
# Failed to write core dump. Minidumps are not enabled by default on client versions of Windows
#

---------------  T H R E A D  ---------------

Current thread (0x0000000016eca800):  JavaThread "C1 CompilerThread2" daemon [_thread_in_vm, id=46076, stack(0x0000000017370000,0x0000000017470000)]

Stack: [0x0000000017370000,0x0000000017470000]
[error occurred during error reporting (printing stack bounds), id 0xc0000005]

Native frames: (J=compiled Java code, j=interpreted, Vv=VM code, C=native code)


Current CompileTask:
C1:  16436 2193       3       sun.util.calendar.BaseCalendar::getFixedDate (324 bytes)


---------------  P R O C E S S  ---------------

Java Threads: ( => current thread )
  0x0000000016ecf800 JavaThread "Service Thread" daemon [_thread_blocked, id=10624, stack(0x0000000017470000,0x0000000017570000)]
=>0x0000000016eca800 JavaThread "C1 CompilerThread2" daemon [_thread_in_vm, id=46076, stack(0x0000000017370000,0x0000000017470000)]
  0x0000000016ebb800 JavaThread "C2 CompilerThread1" daemon [_thread_blocked, id=7740, stack(0x0000000017270000,0x0000000017370000)]
  0x000000001586d800 JavaThread "C2 CompilerThread0" daemon [_thread_blocked, id=60240, stack(0x0000000016d70000,0x0000000016e70000)]
  0x0000000015821000 JavaThread "Attach Listener" daemon [_thread_blocked, id=45676, stack(0x0000000016c70000,0x0000000016d70000)]
  0x0000000015820000 JavaThread "Signal Dispatcher" daemon [_thread_blocked, id=44560, stack(0x0000000016b70000,0x0000000016c70000)]
  0x00000000157f8800 JavaThread "Finalizer" daemon [_thread_blocked, id=59596, stack(0x0000000016a70000,0x0000000016b70000)]
  0x0000000003131000 JavaThread "Reference Handler" daemon [_thread_blocked, id=59640, stack(0x0000000016970000,0x0000000016a70000)]
  0x0000000003040800 JavaThread "main" [_thread_blocked, id=15432, stack(0x0000000002f40000,0x0000000003040000)]

Other Threads:
  0x00000000157d4800 VMThread [stack: 0x0000000016870000,0x0000000016970000] [id=43292]
  0x0000000016ed0800 WatcherThread [stack: 0x0000000017570000,0x0000000017670000] [id=59908]

VM state:not at safepoint (normal execution)

VM Mutex/Monitor currently owned by a thread:  ([mutex/lock_event])
[0x0000000002f3bbd0] CodeCache_lock - owner thread: 0x0000000016eca800
[0x0000000002f3dc30] Compile_lock - owner thread: 0x0000000016eca800
[0x0000000002f3e130] MethodCompileQueue_lock - owner thread: 0x0000000016eca800

Heap:
 PSYoungGen      total 71680K, used 38260K [0x00000000eab00000, 0x00000000ef600000, 0x0000000100000000)
  eden space 66560K, 49% used [0x00000000eab00000,0x00000000ecb5d698,0x00000000eec00000)
  from space 5120K, 99% used [0x00000000ef100000,0x00000000ef5ffa60,0x00000000ef600000)
  to   space 5120K, 0% used [0x00000000eec00000,0x00000000eec00000,0x00000000ef100000)
 ParOldGen       total 87552K, used 37272K [0x00000000c0000000, 0x00000000c5580000, 0x00000000eab00000)
  object space 87552K, 42% used [0x00000000c0000000,0x00000000c24661c0,0x00000000c5580000)
 Metaspace       used 6103K, capacity 7152K, committed 7296K, reserved 1056768K
  class space    used 560K, capacity 616K, committed 640K, reserved 1048576K

Card table byte_map: [0x0000000012500000,0x0000000012710000] byte_map_base: 0x0000000011f00000

Marking Bits: (ParMarkBitMap*) 0x00000000510a9d00
 Begin Bits: [0x0000000012c70000, 0x0000000013c70000)
 End Bits:   [0x0000000013c70000, 0x0000000014c70000)

Polling page: 0x0000000000bf0000

CodeCache: size=245760Kb used=11612Kb max_used=11612Kb free=234148Kb
 bounds [0x0000000003140000, 0x0000000003cb0000, 0x0000000012140000]
 total_blobs=2370 nmethods=2103 adapters=180
 compilation: enabled

Compilation events (10 events):
Event: 16.423 Thread 0x0000000016eca800 nmethod 2189 0x0000000003c3f810 code [0x0000000003c3f980, 0x0000000003c3fbd0]
Event: 16.423 Thread 0x0000000016eca800 2195       3       sun.util.calendar.AbstractCalendar::getCalendarDate (217 bytes)
Event: 16.424 Thread 0x0000000016eca800 nmethod 2195 0x0000000003c85d10 code [0x0000000003c85f20, 0x0000000003c86eb8]
Event: 16.424 Thread 0x0000000016eca800 2190       3       java.util.Date::normalize (269 bytes)
Event: 16.427 Thread 0x0000000016eca800 nmethod 2190 0x0000000003c99590 code [0x0000000003c999e0, 0x0000000003c9d348]
Event: 16.427 Thread 0x0000000016eca800 2191       3       java.util.Date::getCalendarSystem (25 bytes)
Event: 16.428 Thread 0x0000000016eca800 nmethod 2191 0x0000000003c704d0 code [0x0000000003c70640, 0x0000000003c708b0]
Event: 16.428 Thread 0x0000000016eca800 2192       3       sun.util.calendar.BaseCalendar::normalizeMonth (117 bytes)
Event: 16.428 Thread 0x0000000016eca800 nmethod 2192 0x0000000003c80310 code [0x0000000003c804e0, 0x0000000003c80e48]
Event: 16.428 Thread 0x0000000016eca800 2193       3       sun.util.calendar.BaseCalendar::getFixedDate (324 bytes)

GC Heap History (10 events):
Event: 3.112 GC heap before
{Heap before GC invocations=2 (full 0):
 PSYoungGen      total 38400K, used 38399K [0x00000000eab00000, 0x00000000ed580000, 0x0000000100000000)
  eden space 33280K, 100% used [0x00000000eab00000,0x00000000ecb80000,0x00000000ecb80000)
  from space 5120K, 99% used [0x00000000ecb80000,0x00000000ed07fca8,0x00000000ed080000)
  to   space 5120K, 0% used [0x00000000ed080000,0x00000000ed080000,0x00000000ed580000)
 ParOldGen       total 87552K, used 2011K [0x00000000c0000000, 0x00000000c5580000, 0x00000000eab00000)
  object space 87552K, 2% used [0x00000000c0000000,0x00000000c01f6f98,0x00000000c5580000)
 Metaspace       used 5884K, capacity 7088K, committed 7296K, reserved 1056768K
  class space    used 541K, capacity 616K, committed 640K, reserved 1048576K
Event: 3.129 GC heap after
Heap after GC invocations=2 (full 0):
 PSYoungGen      total 38400K, used 5106K [0x00000000eab00000, 0x00000000ef600000, 0x0000000100000000)
  eden space 33280K, 0% used [0x00000000eab00000,0x00000000eab00000,0x00000000ecb80000)
  from space 5120K, 99% used [0x00000000ed080000,0x00000000ed57cab8,0x00000000ed580000)
  to   space 5120K, 0% used [0x00000000ecb80000,0x00000000ecb80000,0x00000000ed080000)
 ParOldGen       total 87552K, used 7085K [0x00000000c0000000, 0x00000000c5580000, 0x00000000eab00000)
  object space 87552K, 8% used [0x00000000c0000000,0x00000000c06eb468,0x00000000c5580000)
 Metaspace       used 5884K, capacity 7088K, committed 7296K, reserved 1056768K
  class space    used 541K, capacity 616K, committed 640K, reserved 1048576K
}
Event: 3.700 GC heap before
{Heap before GC invocations=3 (full 0):
 PSYoungGen      total 38400K, used 38386K [0x00000000eab00000, 0x00000000ef600000, 0x0000000100000000)
  eden space 33280K, 100% used [0x00000000eab00000,0x00000000ecb80000,0x00000000ecb80000)
  from space 5120K, 99% used [0x00000000ed080000,0x00000000ed57cab8,0x00000000ed580000)
  to   space 5120K, 0% used [0x00000000ecb80000,0x00000000ecb80000,0x00000000ed080000)
 ParOldGen       total 87552K, used 7085K [0x00000000c0000000, 0x00000000c5580000, 0x00000000eab00000)
  object space 87552K, 8% used [0x00000000c0000000,0x00000000c06eb468,0x00000000c5580000)
 Metaspace       used 5902K, capacity 7088K, committed 7296K, reserved 1056768K
  class space    used 541K, capacity 616K, committed 640K, reserved 1048576K
Event: 3.723 GC heap after
Heap after GC invocations=3 (full 0):
 PSYoungGen      total 38400K, used 5094K [0x00000000eab00000, 0x00000000ef600000, 0x0000000100000000)
  eden space 33280K, 0% used [0x00000000eab00000,0x00000000eab00000,0x00000000ecb80000)
  from space 5120K, 99% used [0x00000000ecb80000,0x00000000ed079880,0x00000000ed080000)
  to   space 5120K, 0% used [0x00000000ef100000,0x00000000ef100000,0x00000000ef600000)
 ParOldGen       total 87552K, used 11344K [0x00000000c0000000, 0x00000000c5580000, 0x00000000eab00000)
  object space 87552K, 12% used [0x00000000c0000000,0x00000000c0b143b8,0x00000000c5580000)
 Metaspace       used 5902K, capacity 7088K, committed 7296K, reserved 1056768K
  class space    used 541K, capacity 616K, committed 640K, reserved 1048576K
}
Event: 5.203 GC heap before
{Heap before GC invocations=4 (full 0):
 PSYoungGen      total 38400K, used 38374K [0x00000000eab00000, 0x00000000ef600000, 0x0000000100000000)
  eden space 33280K, 100% used [0x00000000eab00000,0x00000000ecb80000,0x00000000ecb80000)
  from space 5120K, 99% used [0x00000000ecb80000,0x00000000ed079880,0x00000000ed080000)
  to   space 5120K, 0% used [0x00000000ef100000,0x00000000ef100000,0x00000000ef600000)
 ParOldGen       total 87552K, used 11344K [0x00000000c0000000, 0x00000000c5580000, 0x00000000eab00000)
  object space 87552K, 12% used [0x00000000c0000000,0x00000000c0b143b8,0x00000000c5580000)
 Metaspace       used 5933K, capacity 7088K, committed 7296K, reserved 1056768K
  class space    used 541K, capacity 616K, committed 640K, reserved 1048576K
Event: 5.262 GC heap after
Heap after GC invocations=4 (full 0):
 PSYoungGen      total 71680K, used 5094K [0x00000000eab00000, 0x00000000ef600000, 0x0000000100000000)
  eden space 66560K, 0% used [0x00000000eab00000,0x00000000eab00000,0x00000000eec00000)
  from space 5120K, 99% used [0x00000000ef100000,0x00000000ef5f9888,0x00000000ef600000)
  to   space 5120K, 0% used [0x00000000eec00000,0x00000000eec00000,0x00000000ef100000)
 ParOldGen       total 87552K, used 16392K [0x00000000c0000000, 0x00000000c5580000, 0x00000000eab00000)
  object space 87552K, 18% used [0x00000000c0000000,0x00000000c1002370,0x00000000c5580000)
 Metaspace       used 5933K, capacity 7088K, committed 7296K, reserved 1056768K
  class space    used 541K, capacity 616K, committed 640K, reserved 1048576K
}
Event: 11.142 GC heap before
{Heap before GC invocations=5 (full 0):
 PSYoungGen      total 71680K, used 71654K [0x00000000eab00000, 0x00000000ef600000, 0x0000000100000000)
  eden space 66560K, 100% used [0x00000000eab00000,0x00000000eec00000,0x00000000eec00000)
  from space 5120K, 99% used [0x00000000ef100000,0x00000000ef5f9888,0x00000000ef600000)
  to   space 5120K, 0% used [0x00000000eec00000,0x00000000eec00000,0x00000000ef100000)
 ParOldGen       total 87552K, used 16392K [0x00000000c0000000, 0x00000000c5580000, 0x00000000eab00000)
  object space 87552K, 18% used [0x00000000c0000000,0x00000000c1002370,0x00000000c5580000)
 Metaspace       used 6056K, capacity 7152K, committed 7296K, reserved 1056768K
  class space    used 560K, capacity 616K, committed 640K, reserved 1048576K
Event: 11.375 GC heap after
Heap after GC invocations=5 (full 0):
 PSYoungGen      total 71680K, used 5111K [0x00000000eab00000, 0x00000000ef600000, 0x0000000100000000)
  eden space 66560K, 0% used [0x00000000eab00000,0x00000000eab00000,0x00000000eec00000)
  from space 5120K, 99% used [0x00000000eec00000,0x00000000ef0fdf30,0x00000000ef100000)
  to   space 5120K, 0% used [0x00000000ef100000,0x00000000ef100000,0x00000000ef600000)
 ParOldGen       total 87552K, used 26140K [0x00000000c0000000, 0x00000000c5580000, 0x00000000eab00000)
  object space 87552K, 29% used [0x00000000c0000000,0x00000000c19871d0,0x00000000c5580000)
 Metaspace       used 6056K, capacity 7152K, committed 7296K, reserved 1056768K
  class space    used 560K, capacity 616K, committed 640K, reserved 1048576K
}
Event: 14.419 GC heap before
{Heap before GC invocations=6 (full 0):
 PSYoungGen      total 71680K, used 71671K [0x00000000eab00000, 0x00000000ef600000, 0x0000000100000000)
  eden space 66560K, 100% used [0x00000000eab00000,0x00000000eec00000,0x00000000eec00000)
  from space 5120K, 99% used [0x00000000eec00000,0x00000000ef0fdf30,0x00000000ef100000)
  to   space 5120K, 0% used [0x00000000ef100000,0x00000000ef100000,0x00000000ef600000)
 ParOldGen       total 87552K, used 26140K [0x00000000c0000000, 0x00000000c5580000, 0x00000000eab00000)
  object space 87552K, 29% used [0x00000000c0000000,0x00000000c19871d0,0x00000000c5580000)
 Metaspace       used 6102K, capacity 7152K, committed 7296K, reserved 1056768K
  class space    used 560K, capacity 616K, committed 640K, reserved 1048576K
Event: 14.937 GC heap after
Heap after GC invocations=6 (full 0):
 PSYoungGen      total 71680K, used 5118K [0x00000000eab00000, 0x00000000ef600000, 0x0000000100000000)
  eden space 66560K, 0% used [0x00000000eab00000,0x00000000eab00000,0x00000000eec00000)
  from space 5120K, 99% used [0x00000000ef100000,0x00000000ef5ffa60,0x00000000ef600000)
  to   space 5120K, 0% used [0x00000000eec00000,0x00000000eec00000,0x00000000ef100000)
 ParOldGen       total 87552K, used 37272K [0x00000000c0000000, 0x00000000c5580000, 0x00000000eab00000)
  object space 87552K, 42% used [0x00000000c0000000,0x00000000c24661c0,0x00000000c5580000)
 Metaspace       used 6102K, capacity 7152K, committed 7296K, reserved 1056768K
  class space    used 560K, capacity 616K, committed 640K, reserved 1048576K
}

Deoptimization events (10 events):
Event: 12.479 Thread 0x0000000003040800 Uncommon trap: reason=bimorphic action=maybe_recompile pc=0x0000000003905d60 method=com.android.dx.rop.code.RegisterSpec.withSimpleType()Lcom/android/dx/rop/code/RegisterSpec; @ 21
Event: 12.479 Thread 0x0000000003040800 Uncommon trap: reason=bimorphic action=maybe_recompile pc=0x0000000003905d60 method=com.android.dx.rop.code.RegisterSpec.withSimpleType()Lcom/android/dx/rop/code/RegisterSpec; @ 21
Event: 12.758 Thread 0x0000000003040800 Uncommon trap: reason=unstable_if action=reinterpret pc=0x0000000003843950 method=java.util.HashMap.resize()[Ljava/util/HashMap$Node; @ 206
Event: 12.772 Thread 0x0000000003040800 Uncommon trap: reason=unstable_if action=reinterpret pc=0x0000000003b69a68 method=com.android.dx.cf.code.Merger.mergeType(Lcom/android/dx/rop/type/TypeBearer;Lcom/android/dx/rop/type/TypeBearer;)Lcom/android/dx/rop/type/TypeBearer; @ 52
Event: 13.137 Thread 0x0000000003040800 Uncommon trap: reason=unstable_if action=reinterpret pc=0x00000000039f8b3c method=com.android.dx.cf.code.Merger.mergeType(Lcom/android/dx/rop/type/TypeBearer;Lcom/android/dx/rop/type/TypeBearer;)Lcom/android/dx/rop/type/TypeBearer; @ 52
Event: 13.778 Thread 0x0000000003040800 Uncommon trap: reason=bimorphic action=maybe_recompile pc=0x0000000003905d60 method=com.android.dx.rop.code.RegisterSpec.withSimpleType()Lcom/android/dx/rop/code/RegisterSpec; @ 21
Event: 15.960 Thread 0x0000000003040800 Uncommon trap: reason=unstable_if action=reinterpret pc=0x00000000039d8b50 method=com.android.dx.cf.code.Ropper.addOrReplaceBlock(Lcom/android/dx/rop/code/BasicBlock;Lcom/android/dx/util/IntList;)Z @ 24
Event: 15.968 Thread 0x0000000003040800 Uncommon trap: reason=bimorphic action=maybe_recompile pc=0x0000000003bc9fd8 method=com.android.dx.cf.code.BytecodeArray.parseInstruction(ILcom/android/dx/cf/code/BytecodeArray$Visitor;)I @ 2281
Event: 15.968 Thread 0x0000000003040800 Uncommon trap: reason=bimorphic action=maybe_recompile pc=0x0000000003bc9fd8 method=com.android.dx.cf.code.BytecodeArray.parseInstruction(ILcom/android/dx/cf/code/BytecodeArray$Visitor;)I @ 2281
Event: 16.413 Thread 0x0000000003040800 Uncommon trap: reason=unstable_if action=reinterpret pc=0x00000000039dfe24 method=com.android.dx.dex.code.RopTranslator.pickOrder()V @ 279

Internal exceptions (6 events):
Event: 0.213 Thread 0x0000000003040800 Exception <a 'java/lang/NoSuchMethodError': Method sun.misc.Unsafe.defineClass(Ljava/lang/String;[BII)Ljava/lang/Class; name or signature does not match> (0x00000000eab07cc0) thrown at [C:\src\android\AOSP-openjdk\external\jetbrains\jdk\hotspot\src\share\v≤ÍπŒÙBÀ?
Event: 0.213 Thread 0x0000000003040800 Exception <a 'java/lang/NoSuchMethodError': Method sun.misc.Unsafe.prefetchRead(Ljava/lang/Object;J)V name or signature does not match> (0x00000000eab07fa8) thrown at [C:\src\android\AOSP-openjdk\external\jetbrains\jdk\hotspot\src\share\vm\prims\jni.cpp, lÌêÚX@
Event: 3.043 Thread 0x0000000003040800 Implicit null exception at 0x000000000358b2ad to 0x000000000358c82d
Event: 9.602 Thread 0x0000000003040800 Exception <a 'java/lang/ArrayIndexOutOfBoundsException': 18> (0x00000000ede518d8) thrown at [C:\src\android\AOSP-openjdk\external\jetbrains\jdk\hotspot\src\share\vm\interpreter\interpreterRuntime.cpp, line 366]
Event: 9.603 Thread 0x0000000003040800 Exception <a 'java/lang/ArrayIndexOutOfBoundsException'> (0x00000000ede53458) thrown at [C:\src\android\AOSP-openjdk\external\jetbrains\jdk\hotspot\src\share\vm\runtime\sharedRuntime.cpp, line 605]
Event: 9.604 Thread 0x0000000003040800 Exception <a 'java/lang/ArrayIndexOutOfBoundsException'> (0x00000000ede54740) thrown at [C:\src\android\AOSP-openjdk\external\jetbrains\jdk\hotspot\src\share\vm\runtime\sharedRuntime.cpp, line 605]

Events (10 events):
Event: 15.960 Thread 0x0000000003040800 DEOPT UNPACKING pc=0x000000000318556a sp=0x000000000303e850 mode 2
Event: 15.968 Thread 0x0000000003040800 Uncommon trap: trap_request=0xffffffc6 fr.pc=0x0000000003bc9fd8
Event: 15.968 Thread 0x0000000003040800 DEOPT PACKING pc=0x0000000003bc9fd8 sp=0x000000000303e6b0
Event: 15.968 Thread 0x0000000003040800 DEOPT UNPACKING pc=0x000000000318556a sp=0x000000000303e640 mode 2
Event: 15.968 Thread 0x0000000003040800 Uncommon trap: trap_request=0xffffffc6 fr.pc=0x0000000003bc9fd8
Event: 15.968 Thread 0x0000000003040800 DEOPT PACKING pc=0x0000000003bc9fd8 sp=0x000000000303e740
Event: 15.968 Thread 0x0000000003040800 DEOPT UNPACKING pc=0x000000000318556a sp=0x000000000303e6d0 mode 2
Event: 16.413 Thread 0x0000000003040800 Uncommon trap: trap_request=0xffffff65 fr.pc=0x00000000039dfe24
Event: 16.413 Thread 0x0000000003040800 DEOPT PACKING pc=0x00000000039dfe24 sp=0x000000000303ea70
Event: 16.413 Thread 0x0000000003040800 DEOPT UNPACKING pc=0x000000000318556a sp=0x000000000303e9e8 mode 2


Dynamic libraries:
0x00007ff6bcd60000 - 0x00007ff6bcd91000 	C:\Program Files\Android\Android Studio\jre\bin\java.exe
0x00007ff8262b0000 - 0x00007ff826481000 	C:\WINDOWS\SYSTEM32\ntdll.dll
0x00007ff823840000 - 0x00007ff8238eb000 	C:\WINDOWS\System32\KERNEL32.DLL
0x00007ff822bb0000 - 0x00007ff822dcd000 	C:\WINDOWS\System32\KERNELBASE.dll
0x00007ff824030000 - 0x00007ff8240d2000 	C:\WINDOWS\System32\ADVAPI32.dll
0x00007ff824140000 - 0x00007ff8241de000 	C:\WINDOWS\System32\msvcrt.dll
0x00007ff8240e0000 - 0x00007ff824139000 	C:\WINDOWS\System32\sechost.dll
0x00007ff8238f0000 - 0x00007ff823a11000 	C:\WINDOWS\System32\RPCRT4.dll
0x00007ff8246c0000 - 0x00007ff824825000 	C:\WINDOWS\System32\USER32.dll
0x00007ff822950000 - 0x00007ff82296e000 	C:\WINDOWS\System32\win32u.dll
0x00007ff823a80000 - 0x00007ff823ab4000 	C:\WINDOWS\System32\GDI32.dll
0x00007ff8236b0000 - 0x00007ff823832000 	C:\WINDOWS\System32\gdi32full.dll
0x00007ff814210000 - 0x00007ff814489000 	C:\WINDOWS\WinSxS\amd64_microsoft.windows.common-controls_6595b64144ccf1df_6.0.14393.447_none_42191651c6827bb3\COMCTL32.dll
0x00007ff824240000 - 0x00007ff824508000 	C:\WINDOWS\System32\combase.dll
0x00007ff8227a0000 - 0x00007ff822895000 	C:\WINDOWS\System32\ucrtbase.dll
0x00007ff822b40000 - 0x00007ff822baa000 	C:\WINDOWS\System32\bcryptPrimitives.dll
0x00007ff824620000 - 0x00007ff82464e000 	C:\WINDOWS\System32\IMM32.DLL
0x00000000518a0000 - 0x0000000051972000 	C:\Program Files\Android\Android Studio\jre\jre\bin\msvcr100.dll
0x00000000508f0000 - 0x0000000051124000 	C:\Program Files\Android\Android Studio\jre\jre\bin\server\jvm.dll
0x00007ff823de0000 - 0x00007ff823de8000 	C:\WINDOWS\System32\PSAPI.DLL
0x00007ff81e670000 - 0x00007ff81e679000 	C:\WINDOWS\SYSTEM32\WSOCK32.dll
0x00007ff824650000 - 0x00007ff8246ba000 	C:\WINDOWS\System32\WS2_32.dll
0x00007ff820ba0000 - 0x00007ff820bc3000 	C:\WINDOWS\SYSTEM32\WINMM.dll
0x00007ff814f20000 - 0x00007ff814f2a000 	C:\WINDOWS\SYSTEM32\VERSION.dll
0x00007ff820b30000 - 0x00007ff820b5b000 	C:\WINDOWS\SYSTEM32\WINMMBASE.dll
0x00007ff822e80000 - 0x00007ff822ec2000 	C:\WINDOWS\System32\cfgmgr32.dll
0x00007ff81c640000 - 0x00007ff81c64f000 	C:\Program Files\Android\Android Studio\jre\jre\bin\verify.dll
0x00007ff80ace0000 - 0x00007ff80ad09000 	C:\Program Files\Android\Android Studio\jre\jre\bin\java.dll
0x00007ff81ab60000 - 0x00007ff81ab76000 	C:\Program Files\Android\Android Studio\jre\jre\bin\zip.dll
0x00007ff824da0000 - 0x00007ff8262a9000 	C:\WINDOWS\System32\SHELL32.dll
0x00007ff822ed0000 - 0x00007ff8235aa000 	C:\WINDOWS\System32\windows.storage.dll
0x00007ff822720000 - 0x00007ff82276c000 	C:\WINDOWS\System32\powrprof.dll
0x00007ff824910000 - 0x00007ff824962000 	C:\WINDOWS\System32\shlwapi.dll
0x00007ff822770000 - 0x00007ff82277f000 	C:\WINDOWS\System32\kernel.appcore.dll
0x00007ff8228a0000 - 0x00007ff822949000 	C:\WINDOWS\System32\shcore.dll
0x00007ff822780000 - 0x00007ff822794000 	C:\WINDOWS\System32\profapi.dll

VM Arguments:
jvm_args: -Djava.awt.headless=true -Xmx1024M -Dfile.encoding=GBK -Duser.country=CN -Duser.language=zh -Duser.variant 
java_command: com.android.dx.command.Main --dex --force-jumbo --multi-dex --output D:\VR shooting game\app\build\intermediates\transforms\dex\debug\folders\1000\2\android-support-v4_8cfe763e6662404b006e8da8777e55093b7c9175 D:\VR shooting game\app\libs\android-support-v4.jar
java_class_path (initial): C:\Users\Haoran\AppData\Local\Android\sdk\build-tools\21.0.1\lib\dx.jar
Launcher Type: SUN_STANDARD

Environment Variables:
PATH=C:\ProgramData\Oracle\Java\javapath;C:\Program Files (x86)\Intel\iCLS Client\;C:\Program Files\Intel\iCLS Client\;C:\WINDOWS\system32;C:\WINDOWS;C:\WINDOWS\System32\Wbem;C:\WINDOWS\System32\WindowsPowerShell\v1.0\;C:\Program Files (x86)\Intel\Intel(R) Management Engine Components\DAL;C:\Program Files\Intel\Intel(R) Management Engine Components\DAL;C:\Program Files (x86)\Intel\Intel(R) Management Engine Components\IPT;C:\Program Files\Intel\Intel(R) Management Engine Components\IPT;C:\Program Files\MATLAB\R2016a\runtime\win64;C:\Program Files\MATLAB\R2016a\bin;C:\Program Files\MATLAB\R2016a\polyspace\bin;C:\Program Files (x86)\Skype\Phone\;C:\Program Files\MiKTeX 2.9\miktex\bin\x64\;C:\WINDOWS\system32\config\systemprofile\.dnx\bin;C:\Program Files\Microsoft DNX\Dnvm\;C:\Program Files (x86)\Windows Kits\8.1\Windows Performance Toolkit\;C:\Program Files\Microsoft SQL Server\120\Tools\Binn\;C:\Program Files (x86)\nodejs\;C:\Anaconda2;C:\Anaconda2\Scripts;C:\Anaconda2\Library\bin;C:\Users\Haoran\AppData\Local\Microsoft\WindowsApps;C:\Users\Haoran\AppData\Roaming\npm
USERNAME=Haoran
OS=Windows_NT
PROCESSOR_IDENTIFIER=Intel64 Family 6 Model 78 Stepping 3, GenuineIntel



---------------  S Y S T E M  ---------------

OS: Windows 10.0 , 64 bit Build 14393 (10.0.14393.0)

CPU:total 4 (2 cores per cpu, 2 threads per core) family 6 model 78 stepping 3, cmov, cx8, fxsr, mmx, sse, sse2, sse3, ssse3, sse4.1, sse4.2, popcnt, avx, avx2, aes, clmul, erms, 3dnowpref, lzcnt, ht, tsc, tscinvbit, bmi1, bmi2, adx

Memory: 4k page, physical 8266656k(910488k free), swap 10363808k(2800k free)

vm_info: OpenJDK 64-Bit Server VM (25.76-b03) for windows-amd64 JRE (1.8.0_76-release-b03), built on Jun 29 2016 19:09:20 by "ralucas" with MS VC++ 10.0 (VS2010)

time: Wed Jan 18 17:53:52 2017
elapsed time: 16 seconds (0d 0h 0m 16s)

