#
# There is insufficient memory for the Java Runtime Environment to continue.
# Native memory allocation (malloc) failed to allocate 265008 bytes for Chunk::new
# Possible reasons:
#   The system is out of physical RAM or swap space
#   In 32 bit mode, the process size limit was hit
# Possible solutions:
#   Reduce memory load on the system
#   Increase physical memory or swap space
#   Check if swap backing store is full
#   Use 64 bit Java on a 64 bit OS
#   Decrease Java heap size (-Xmx/-Xms)
#   Decrease number of Java threads
#   Decrease Java thread stack sizes (-Xss)
#   Set larger code cache with -XX:ReservedCodeCacheSize=
# This output file may be truncated or incomplete.
#
#  Out of Memory Error (allocation.cpp:390), pid=59768, tid=0x000000000000e9c4
#
# JRE version: OpenJDK Runtime Environment (8.0_76-b03) (build 1.8.0_76-release-b03)
# Java VM: OpenJDK 64-Bit Server VM (25.76-b03 mixed mode windows-amd64 compressed oops)
# Failed to write core dump. Minidumps are not enabled by default on client versions of Windows
#

---------------  T H R E A D  ---------------

Current thread (0x000000001565d800):  JavaThread "C2 CompilerThread0" daemon [_thread_in_native, id=59844, stack(0x0000000016b60000,0x0000000016c60000)]

Stack: [0x0000000016b60000,0x0000000016c60000]
[error occurred during error reporting (printing stack bounds), id 0xc0000005]

Native frames: (J=compiled Java code, j=interpreted, Vv=VM code, C=native code)


Current CompileTask:
C2:   5084 1247   !   4       com.android.dx.cf.code.Ropper::processBlock (1101 bytes)


---------------  P R O C E S S  ---------------

Java Threads: ( => current thread )
  0x0000000016cbf800 JavaThread "Service Thread" daemon [_thread_blocked, id=57632, stack(0x0000000017260000,0x0000000017360000)]
  0x0000000016cba000 JavaThread "C1 CompilerThread2" daemon [_thread_blocked, id=60048, stack(0x0000000017160000,0x0000000017260000)]
  0x0000000016caf000 JavaThread "C2 CompilerThread1" daemon [_thread_in_native, id=24916, stack(0x0000000017060000,0x0000000017160000)]
=>0x000000001565d800 JavaThread "C2 CompilerThread0" daemon [_thread_in_native, id=59844, stack(0x0000000016b60000,0x0000000016c60000)]
  0x0000000015611000 JavaThread "Attach Listener" daemon [_thread_blocked, id=60380, stack(0x0000000016a60000,0x0000000016b60000)]
  0x0000000015610000 JavaThread "Signal Dispatcher" daemon [_thread_blocked, id=59976, stack(0x0000000016960000,0x0000000016a60000)]
  0x00000000155e8800 JavaThread "Finalizer" daemon [_thread_blocked, id=47792, stack(0x0000000016860000,0x0000000016960000)]
  0x0000000002f21000 JavaThread "Reference Handler" daemon [_thread_blocked, id=57332, stack(0x0000000016760000,0x0000000016860000)]
  0x0000000002e30800 JavaThread "main" [_thread_in_Java, id=43700, stack(0x0000000002d30000,0x0000000002e30000)]

Other Threads:
  0x00000000155c4800 VMThread [stack: 0x0000000016660000,0x0000000016760000] [id=57052]
  0x0000000016cc0800 WatcherThread [stack: 0x0000000017360000,0x0000000017460000] [id=17484]

VM state:not at safepoint (normal execution)

VM Mutex/Monitor currently owned by a thread: None

Heap:
 PSYoungGen      total 38400K, used 23375K [0x00000000eab00000, 0x00000000ed580000, 0x0000000100000000)
  eden space 33280K, 54% used [0x00000000eab00000,0x00000000ebcd8358,0x00000000ecb80000)
  from space 5120K, 99% used [0x00000000ecb80000,0x00000000ed07b988,0x00000000ed080000)
  to   space 5120K, 0% used [0x00000000ed080000,0x00000000ed080000,0x00000000ed580000)
 ParOldGen       total 87552K, used 2110K [0x00000000c0000000, 0x00000000c5580000, 0x00000000eab00000)
  object space 87552K, 2% used [0x00000000c0000000,0x00000000c020f898,0x00000000c5580000)
 Metaspace       used 5407K, capacity 6832K, committed 7040K, reserved 1056768K
  class space    used 521K, capacity 616K, committed 640K, reserved 1048576K

Card table byte_map: [0x00000000122f0000,0x0000000012500000] byte_map_base: 0x0000000011cf0000

Marking Bits: (ParMarkBitMap*) 0x00000000510a9d00
 Begin Bits: [0x0000000012a60000, 0x0000000013a60000)
 End Bits:   [0x0000000013a60000, 0x0000000014a60000)

Polling page: 0x0000000002900000

CodeCache: size=245760Kb used=5384Kb max_used=5386Kb free=240375Kb
 bounds [0x0000000002f30000, 0x0000000003480000, 0x0000000011f30000]
 total_blobs=1517 nmethods=1256 adapters=173
 compilation: enabled

Compilation events (10 events):
Event: 4.992 Thread 0x0000000016caf000 nmethod 1253 0x0000000003453610 code [0x0000000003453740, 0x00000000034537d8]
Event: 4.993 Thread 0x0000000016caf000 1254       4       com.android.dx.ssa.SetFactory::makeDomFrontSet (26 bytes)
Event: 4.995 Thread 0x0000000016caf000 nmethod 1254 0x0000000003454410 code [0x0000000003454560, 0x00000000034546f8]
Event: 4.997 Thread 0x0000000016caf000 1255       4       com.android.dx.util.BitIntSet$1::next (42 bytes)
Event: 5.001 Thread 0x0000000016caf000 nmethod 1255 0x000000000345b410 code [0x000000000345b560, 0x000000000345b798]
Event: 5.003 Thread 0x0000000016caf000 1256       4       com.android.dx.ssa.SsaRenamer$1::visitBlock (16 bytes)
Event: 5.009 Thread 0x0000000016caf000 nmethod 1256 0x0000000003475e50 code [0x0000000003475fe0, 0x0000000003476428]
Event: 5.009 Thread 0x0000000016caf000 1258       4       com.android.dx.ssa.SsaBasicBlock::exitBlockFixup (58 bytes)
Event: 5.019 Thread 0x0000000016caf000 nmethod 1258 0x0000000003474fd0 code [0x0000000003475140, 0x0000000003475878]
Event: 5.019 Thread 0x0000000016caf000 1260       4       com.android.dx.ssa.SCCP::simulateStmt (481 bytes)

GC Heap History (2 events):
Event: 3.353 GC heap before
{Heap before GC invocations=1 (full 0):
 PSYoungGen      total 38400K, used 33280K [0x00000000eab00000, 0x00000000ed580000, 0x0000000100000000)
  eden space 33280K, 100% used [0x00000000eab00000,0x00000000ecb80000,0x00000000ecb80000)
  from space 5120K, 0% used [0x00000000ed080000,0x00000000ed080000,0x00000000ed580000)
  to   space 5120K, 0% used [0x00000000ecb80000,0x00000000ecb80000,0x00000000ed080000)
 ParOldGen       total 87552K, used 0K [0x00000000c0000000, 0x00000000c5580000, 0x00000000eab00000)
  object space 87552K, 0% used [0x00000000c0000000,0x00000000c0000000,0x00000000c5580000)
 Metaspace       used 5354K, capacity 6768K, committed 7040K, reserved 1056768K
  class space    used 520K, capacity 616K, committed 640K, reserved 1048576K
Event: 3.477 GC heap after
Heap after GC invocations=1 (full 0):
 PSYoungGen      total 38400K, used 5102K [0x00000000eab00000, 0x00000000ed580000, 0x0000000100000000)
  eden space 33280K, 0% used [0x00000000eab00000,0x00000000eab00000,0x00000000ecb80000)
  from space 5120K, 99% used [0x00000000ecb80000,0x00000000ed07b988,0x00000000ed080000)
  to   space 5120K, 0% used [0x00000000ed080000,0x00000000ed080000,0x00000000ed580000)
 ParOldGen       total 87552K, used 2110K [0x00000000c0000000, 0x00000000c5580000, 0x00000000eab00000)
  object space 87552K, 2% used [0x00000000c0000000,0x00000000c020f898,0x00000000c5580000)
 Metaspace       used 5354K, capacity 6768K, committed 7040K, reserved 1056768K
  class space    used 520K, capacity 616K, committed 640K, reserved 1048576K
}

Deoptimization events (10 events):
Event: 4.362 Thread 0x0000000002e30800 Uncommon trap: reason=bimorphic action=maybe_recompile pc=0x0000000003410a88 method=com.android.dx.cf.code.RopperMachine.run(Lcom/android/dx/cf/code/Frame;II)V @ 978
Event: 4.363 Thread 0x0000000002e30800 Uncommon trap: reason=unstable_if action=reinterpret pc=0x000000000339b734 method=com.android.dx.ssa.LiteralOpUpgrader$1.visitNonMoveInsn(Lcom/android/dx/ssa/NormalSsaInsn;)V @ 151
Event: 4.702 Thread 0x0000000002e30800 Uncommon trap: reason=class_check action=maybe_recompile pc=0x00000000033cc6a4 method=com.android.dx.ssa.SCCP.setLatticeValueTo(IILcom/android/dx/rop/cst/Constant;)Z @ 43
Event: 4.702 Thread 0x0000000002e30800 Uncommon trap: reason=class_check action=maybe_recompile pc=0x00000000033cc6a4 method=com.android.dx.ssa.SCCP.setLatticeValueTo(IILcom/android/dx/rop/cst/Constant;)Z @ 43
Event: 4.703 Thread 0x0000000002e30800 Uncommon trap: reason=unstable_if action=reinterpret pc=0x00000000033a88a4 method=com.android.dx.rop.code.DexTranslationAdvice.requiresSourcesInOrder(Lcom/android/dx/rop/code/Rop;Lcom/android/dx/rop/code/RegisterSpecList;)Z @ 21
Event: 4.703 Thread 0x0000000002e30800 Uncommon trap: reason=unstable_if action=reinterpret pc=0x00000000033fc330 method=com.android.dx.ssa.back.InterferenceGraph.ensureCapacity(I)V @ 20
Event: 4.704 Thread 0x0000000002e30800 Uncommon trap: reason=class_check action=maybe_recompile pc=0x0000000003222e54 method=com.android.dx.ssa.NormalSsaInsn.accept(Lcom/android/dx/ssa/SsaInsn$Visitor;)V @ 9
Event: 4.704 Thread 0x0000000002e30800 Uncommon trap: reason=class_check action=maybe_recompile pc=0x0000000003222e54 method=com.android.dx.ssa.NormalSsaInsn.accept(Lcom/android/dx/ssa/SsaInsn$Visitor;)V @ 9
Event: 4.704 Thread 0x0000000002e30800 Uncommon trap: reason=class_check action=maybe_recompile pc=0x0000000003222e54 method=com.android.dx.ssa.NormalSsaInsn.accept(Lcom/android/dx/ssa/SsaInsn$Visitor;)V @ 9
Event: 4.704 Thread 0x0000000002e30800 Uncommon trap: reason=class_check action=maybe_recompile pc=0x0000000003222e54 method=com.android.dx.ssa.NormalSsaInsn.accept(Lcom/android/dx/ssa/SsaInsn$Visitor;)V @ 9

Internal exceptions (2 events):
Event: 0.054 Thread 0x0000000002e30800 Exception <a 'java/lang/NoSuchMethodError': Method sun.misc.Unsafe.defineClass(Ljava/lang/String;[BII)Ljava/lang/Class; name or signature does not match> (0x00000000eab07cc0) thrown at [C:\src\android\AOSP-openjdk\external\jetbrains\jdk\hotspot\src\share\vòç€|•«?
Event: 0.054 Thread 0x0000000002e30800 Exception <a 'java/lang/NoSuchMethodError': Method sun.misc.Unsafe.prefetchRead(Ljava/lang/Object;J)V name or signature does not match> (0x00000000eab07fa8) thrown at [C:\src\android\AOSP-openjdk\external\jetbrains\jdk\hotspot\src\share\vm\prims\jni.cpp, l

Events (10 events):
Event: 4.704 Thread 0x0000000002e30800 DEOPT UNPACKING pc=0x0000000002f7556a sp=0x0000000002e2e180 mode 2
Event: 4.704 Thread 0x0000000002e30800 Uncommon trap: trap_request=0xffffffde fr.pc=0x0000000003222e54
Event: 4.704 Thread 0x0000000002e30800 DEOPT PACKING pc=0x0000000003222e54 sp=0x0000000002e2e150
Event: 4.704 Thread 0x0000000002e30800 DEOPT UNPACKING pc=0x0000000002f7556a sp=0x0000000002e2e180 mode 2
Event: 4.704 Thread 0x0000000002e30800 Uncommon trap: trap_request=0xffffffde fr.pc=0x0000000003222e54
Event: 4.704 Thread 0x0000000002e30800 DEOPT PACKING pc=0x0000000003222e54 sp=0x0000000002e2e150
Event: 4.704 Thread 0x0000000002e30800 DEOPT UNPACKING pc=0x0000000002f7556a sp=0x0000000002e2e180 mode 2
Event: 4.704 Thread 0x0000000002e30800 Uncommon trap: trap_request=0xffffffde fr.pc=0x0000000003222e54
Event: 4.704 Thread 0x0000000002e30800 DEOPT PACKING pc=0x0000000003222e54 sp=0x0000000002e2e150
Event: 4.704 Thread 0x0000000002e30800 DEOPT UNPACKING pc=0x0000000002f7556a sp=0x0000000002e2e180 mode 2


Dynamic libraries:
0x00007ff6bcd60000 - 0x00007ff6bcd91000 	C:\Program Files\Android\Android Studio\jre\bin\java.exe
0x00007ff8262b0000 - 0x00007ff826481000 	C:\WINDOWS\SYSTEM32\ntdll.dll
0x00007ff823840000 - 0x00007ff8238eb000 	C:\WINDOWS\System32\KERNEL32.DLL
0x00007ff822bb0000 - 0x00007ff822dcd000 	C:\WINDOWS\System32\KERNELBASE.dll
0x00007ff824030000 - 0x00007ff8240d2000 	C:\WINDOWS\System32\ADVAPI32.dll
0x00007ff824140000 - 0x00007ff8241de000 	C:\WINDOWS\System32\msvcrt.dll
0x00007ff8240e0000 - 0x00007ff824139000 	C:\WINDOWS\System32\sechost.dll
0x00007ff8238f0000 - 0x00007ff823a11000 	C:\WINDOWS\System32\RPCRT4.dll
0x00007ff8246c0000 - 0x00007ff824825000 	C:\WINDOWS\System32\USER32.dll
0x00007ff822950000 - 0x00007ff82296e000 	C:\WINDOWS\System32\win32u.dll
0x00007ff823a80000 - 0x00007ff823ab4000 	C:\WINDOWS\System32\GDI32.dll
0x00007ff8236b0000 - 0x00007ff823832000 	C:\WINDOWS\System32\gdi32full.dll
0x00007ff814210000 - 0x00007ff814489000 	C:\WINDOWS\WinSxS\amd64_microsoft.windows.common-controls_6595b64144ccf1df_6.0.14393.447_none_42191651c6827bb3\COMCTL32.dll
0x00007ff824240000 - 0x00007ff824508000 	C:\WINDOWS\System32\combase.dll
0x00007ff8227a0000 - 0x00007ff822895000 	C:\WINDOWS\System32\ucrtbase.dll
0x00007ff822b40000 - 0x00007ff822baa000 	C:\WINDOWS\System32\bcryptPrimitives.dll
0x00007ff824620000 - 0x00007ff82464e000 	C:\WINDOWS\System32\IMM32.DLL
0x00000000518a0000 - 0x0000000051972000 	C:\Program Files\Android\Android Studio\jre\jre\bin\msvcr100.dll
0x00000000508f0000 - 0x0000000051124000 	C:\Program Files\Android\Android Studio\jre\jre\bin\server\jvm.dll
0x00007ff823de0000 - 0x00007ff823de8000 	C:\WINDOWS\System32\PSAPI.DLL
0x00007ff81e670000 - 0x00007ff81e679000 	C:\WINDOWS\SYSTEM32\WSOCK32.dll
0x00007ff824650000 - 0x00007ff8246ba000 	C:\WINDOWS\System32\WS2_32.dll
0x00007ff820ba0000 - 0x00007ff820bc3000 	C:\WINDOWS\SYSTEM32\WINMM.dll
0x00007ff814f20000 - 0x00007ff814f2a000 	C:\WINDOWS\SYSTEM32\VERSION.dll
0x00007ff820b30000 - 0x00007ff820b5b000 	C:\WINDOWS\SYSTEM32\WINMMBASE.dll
0x00007ff822e80000 - 0x00007ff822ec2000 	C:\WINDOWS\System32\cfgmgr32.dll
0x00007ff81c640000 - 0x00007ff81c64f000 	C:\Program Files\Android\Android Studio\jre\jre\bin\verify.dll
0x00007ff80ace0000 - 0x00007ff80ad09000 	C:\Program Files\Android\Android Studio\jre\jre\bin\java.dll
0x00007ff81ab60000 - 0x00007ff81ab76000 	C:\Program Files\Android\Android Studio\jre\jre\bin\zip.dll
0x00007ff824da0000 - 0x00007ff8262a9000 	C:\WINDOWS\System32\SHELL32.dll
0x00007ff822ed0000 - 0x00007ff8235aa000 	C:\WINDOWS\System32\windows.storage.dll
0x00007ff822720000 - 0x00007ff82276c000 	C:\WINDOWS\System32\powrprof.dll
0x00007ff824910000 - 0x00007ff824962000 	C:\WINDOWS\System32\shlwapi.dll
0x00007ff822770000 - 0x00007ff82277f000 	C:\WINDOWS\System32\kernel.appcore.dll
0x00007ff8228a0000 - 0x00007ff822949000 	C:\WINDOWS\System32\shcore.dll
0x00007ff822780000 - 0x00007ff822794000 	C:\WINDOWS\System32\profapi.dll

VM Arguments:
jvm_args: -Djava.awt.headless=true -Xmx1024M -Dfile.encoding=GBK -Duser.country=CN -Duser.language=zh -Duser.variant 
java_command: com.android.dx.command.Main --dex --force-jumbo --multi-dex --output D:\VR shooting game\app\build\intermediates\transforms\dex\debug\folders\1000\5\slice_3 D:\VR shooting game\app\build\intermediates\transforms\instantRunSlicer\debug\folders\1\5\slice_3
java_class_path (initial): C:\Users\Haoran\AppData\Local\Android\sdk\build-tools\21.0.1\lib\dx.jar
Launcher Type: SUN_STANDARD

Environment Variables:
PATH=C:\ProgramData\Oracle\Java\javapath;C:\Program Files (x86)\Intel\iCLS Client\;C:\Program Files\Intel\iCLS Client\;C:\WINDOWS\system32;C:\WINDOWS;C:\WINDOWS\System32\Wbem;C:\WINDOWS\System32\WindowsPowerShell\v1.0\;C:\Program Files (x86)\Intel\Intel(R) Management Engine Components\DAL;C:\Program Files\Intel\Intel(R) Management Engine Components\DAL;C:\Program Files (x86)\Intel\Intel(R) Management Engine Components\IPT;C:\Program Files\Intel\Intel(R) Management Engine Components\IPT;C:\Program Files\MATLAB\R2016a\runtime\win64;C:\Program Files\MATLAB\R2016a\bin;C:\Program Files\MATLAB\R2016a\polyspace\bin;C:\Program Files (x86)\Skype\Phone\;C:\Program Files\MiKTeX 2.9\miktex\bin\x64\;C:\WINDOWS\system32\config\systemprofile\.dnx\bin;C:\Program Files\Microsoft DNX\Dnvm\;C:\Program Files (x86)\Windows Kits\8.1\Windows Performance Toolkit\;C:\Program Files\Microsoft SQL Server\120\Tools\Binn\;C:\Program Files (x86)\nodejs\;C:\Anaconda2;C:\Anaconda2\Scripts;C:\Anaconda2\Library\bin;C:\Users\Haoran\AppData\Local\Microsoft\WindowsApps;C:\Users\Haoran\AppData\Roaming\npm
USERNAME=Haoran
OS=Windows_NT
PROCESSOR_IDENTIFIER=Intel64 Family 6 Model 78 Stepping 3, GenuineIntel



---------------  S Y S T E M  ---------------

OS: Windows 10.0 , 64 bit Build 14393 (10.0.14393.0)

CPU:total 4 (2 cores per cpu, 2 threads per core) family 6 model 78 stepping 3, cmov, cx8, fxsr, mmx, sse, sse2, sse3, ssse3, sse4.1, sse4.2, popcnt, avx, avx2, aes, clmul, erms, 3dnowpref, lzcnt, ht, tsc, tscinvbit, bmi1, bmi2, adx

Memory: 4k page, physical 8266656k(973988k free), swap 10363808k(5188k free)

vm_info: OpenJDK 64-Bit Server VM (25.76-b03) for windows-amd64 JRE (1.8.0_76-release-b03), built on Jun 29 2016 19:09:20 by "ralucas" with MS VC++ 10.0 (VS2010)

time: Wed Jan 18 17:54:38 2017
elapsed time: 5 seconds (0d 0h 0m 5s)

